<?xml version="1.0" encoding="UTF-8"?>
<!-- Generated by org.testng.reporters.JUnitXMLReporter -->
<testsuite hostname="DESKTOP-A1TQQOH" ignored="1" name="Default test" tests="1" failures="0" timestamp="2020-07-20T16:37:32 IST" time="34.932" errors="0">
  <testcase name="chromeGalenTest" time="33.805" classname="acl.galen.tests.GalenTest"/>
  <testcase name="firfoxGalenTest" time="0.0" classname="acl.galen.tests.GalenTest">
    <ignored/>
  </testcase> <!-- firfoxGalenTest -->
</testsuite> <!-- Default test -->
